[debug] [2018-03-21T17:45:22.973Z] ----------------------------------------------------------------------
[debug] [2018-03-21T17:45:22.975Z] Command:       /usr/local/Cellar/node/8.9.2/bin/node /usr/local/bin/firebase serve
[debug] [2018-03-21T17:45:22.976Z] CLI Version:   3.17.6
[debug] [2018-03-21T17:45:22.976Z] Platform:      darwin
[debug] [2018-03-21T17:45:22.976Z] Node Version:  v8.9.2
[debug] [2018-03-21T17:45:22.976Z] Time:          Wed Mar 21 2018 10:45:22 GMT-0700 (MST)
[debug] [2018-03-21T17:45:22.977Z] ----------------------------------------------------------------------
[debug] 
[debug] [2018-03-21T17:45:22.986Z] > command requires scopes: ["email","openid","https://www.googleapis.com/auth/cloudplatformprojects.readonly","https://www.googleapis.com/auth/firebase","https://www.googleapis.com/auth/cloud-platform"]
[debug] [2018-03-21T17:45:22.987Z] > authorizing via signed-in user
[debug] [2018-03-21T17:45:22.988Z] > refreshing access token with scopes: ["email","https://www.googleapis.com/auth/cloud-platform","https://www.googleapis.com/auth/cloudplatformprojects.readonly","https://www.googleapis.com/auth/firebase","openid"]
[debug] [2018-03-21T17:45:22.988Z] >>> HTTP REQUEST POST https://www.googleapis.com/oauth2/v3/token  
 { refresh_token: '1/_Pw1-GB1I8ou7bznoKojDFGoH9Y4PpVlXAJ5T9KfkvI',
  client_id: '563584335869-fgrhgmd47bqnekij5i8b5pr03ho849e6.apps.googleusercontent.com',
  client_secret: 'j9iVZfS8kkCEFUPaAeJV0sAi',
  grant_type: 'refresh_token',
  scope: 'email https://www.googleapis.com/auth/cloud-platform https://www.googleapis.com/auth/cloudplatformprojects.readonly https://www.googleapis.com/auth/firebase openid' } 
 Wed Mar 21 2018 10:45:22 GMT-0700 (MST)
[debug] [2018-03-21T17:45:23.201Z] <<< HTTP RESPONSE 200
[debug] [2018-03-21T17:45:23.209Z] >>> HTTP REQUEST GET https://admin.firebase.com/v1/projects/portfolio-c0292  
  
 Wed Mar 21 2018 10:45:23 GMT-0700 (MST)
[debug] [2018-03-21T17:45:23.577Z] <<< HTTP RESPONSE 200
[debug] [2018-03-21T17:45:23.577Z] >>> HTTP REQUEST GET https://admin.firebase.com/v1/database/portfolio-c0292/tokens  
  
 Wed Mar 21 2018 10:45:23 GMT-0700 (MST)
[debug] [2018-03-21T17:45:24.102Z] <<< HTTP RESPONSE 200
[debug] [2018-03-21T17:45:24.103Z] >>> HTTP REQUEST GET https://cloudresourcemanager.googleapis.com/v1/projects/portfolio-c0292  
  
 Wed Mar 21 2018 10:45:24 GMT-0700 (MST)
[debug] [2018-03-21T17:45:24.625Z] <<< HTTP RESPONSE 200
[info] 
[info] === Serving from '/Users/steven/Desktop/Portfolio'...
[info] 
[debug] [2018-03-21T17:45:24.628Z] >>> HTTP REQUEST GET https://mobilesdk-pa.googleapis.com/v1/projects/763385842113/clients/_:getWebAppConfig  
  
 Wed Mar 21 2018 10:45:24 GMT-0700 (MST)
[debug] [2018-03-21T17:45:24.952Z] <<< HTTP RESPONSE 200
[info] i  hosting: Serving hosting files from: Portfolio
[info] ✔  hosting: Local server: http://localhost:5000

